<?xml version="1.0" encoding="UTF-8"?>
<testng-results ignored="0" total="1" passed="1" failed="0" skipped="0">
  <reporter-output>
  </reporter-output>
  <suite started-at="2022-04-14T16:55:23 IST" name="Default suite" finished-at="2022-04-14T16:56:03 IST" duration-ms="40212">
    <groups>
    </groups>
    <test started-at="2022-04-14T16:55:23 IST" name="Default test" finished-at="2022-04-14T16:56:03 IST" duration-ms="40212">
      <class name="TestCases.verifysignin">
        <test-method is-config="true" signature="launchBrowser()[pri:0, instance:TestCases.verifysignin@71238fc2]" started-at="2022-04-14T16:55:23 IST" name="launchBrowser" finished-at="2022-04-14T16:55:30 IST" duration-ms="7861" status="PASS">
          <reporter-output>
          </reporter-output>
        </test-method> <!-- launchBrowser -->
        <test-method signature="enterCredientials()[pri:0, instance:TestCases.verifysignin@71238fc2]" started-at="2022-04-14T16:55:30 IST" name="enterCredientials" finished-at="2022-04-14T16:56:03 IST" duration-ms="32316" status="PASS">
          <reporter-output>
          </reporter-output>
        </test-method> <!-- enterCredientials -->
      </class> <!-- TestCases.verifysignin -->
    </test> <!-- Default test -->
  </suite> <!-- Default suite -->
</testng-results>
